<?xml version="1.0" encoding="UTF-8"?>
<!-- Generated by org.testng.reporters.JUnitReportReporter -->
<testsuite hostname="DESKTOP-L4RAUT4" failures="0" tests="4" name="api.test.UserTests" time="7.784" errors="0" timestamp="2024-12-21T00:01:56 IST" skipped="0">
  <testcase classname="api.test.UserTests" name="testAddUser" time="1.118"/>
  <testcase classname="api.test.UserTests" name="testGetUser_validUsername" time="2.228"/>
  <testcase classname="api.test.UserTests" name="testUpdateUser" time="2.244"/>
  <testcase classname="api.test.UserTests" name="testDeleteUser" time="2.194"/>
</testsuite> <!-- api.test.UserTests -->
