<?xml version="1.0" encoding="UTF-8"?>
<!-- Generated by org.testng.reporters.JUnitReportReporter -->
<testsuite hostname="DESKTOP-L4RAUT4" failures="0" tests="4" name="api.test.StoreTests" time="4.473" errors="0" timestamp="2024-12-21T00:01:56 IST" skipped="0">
  <testcase classname="api.test.StoreTests" name="testOrderPet" time="1.137"/>
  <testcase classname="api.test.StoreTests" name="testDeleteOrder" time="1.123"/>
  <testcase classname="api.test.StoreTests" name="testGetOrder_validId" time="1.102"/>
  <testcase classname="api.test.StoreTests" name="testGetOrder_InvalidId" time="1.111"/>
</testsuite> <!-- api.test.StoreTests -->
