<?xml version="1.0" encoding="UTF-8"?>
<!-- Generated by org.testng.reporters.JUnitReportReporter -->
<testsuite hostname="DESKTOP-L4RAUT4" failures="0" tests="6" name="api.test.PetTests" time="12.352" errors="0" timestamp="2024-12-21T00:01:56 IST" skipped="0">
  <testcase classname="api.test.PetTests" name="testAddNewPet" time="3.359"/>
  <testcase classname="api.test.PetTests" name="testUpdatePet" time="1.134"/>
  <testcase classname="api.test.PetTests" name="testDeletePet" time="1.112"/>
  <testcase classname="api.test.PetTests" name="testUpdatePetByForm" time="4.525"/>
  <testcase classname="api.test.PetTests" name="testGetExistingPet_validId" time="1.120"/>
  <testcase classname="api.test.PetTests" name="testGetExistingPet_InvalidId" time="1.102"/>
</testsuite> <!-- api.test.PetTests -->
